<?xml version="1.0" encoding="UTF-8"?>
<testng-results ignored="0" total="2" passed="2" failed="0" skipped="0">
  <reporter-output>
  </reporter-output>
  <suite started-at="2020-12-18T09:15:31 MSK" name="Suite" finished-at="2020-12-18T09:15:54 MSK" duration-ms="23632">
    <groups>
    </groups>
    <test started-at="2020-12-18T09:15:31 MSK" name="Test" finished-at="2020-12-18T09:15:54 MSK" duration-ms="23632">
      <class name="realTracTests.MainPageTests">
        <test-method is-config="true" signature="setUp()[pri:0, instance:realTracTests.MainPageTests@1f52eb6f]" started-at="2020-12-18T09:15:31 MSK" name="setUp" finished-at="2020-12-18T09:15:40 MSK" duration-ms="8881" status="PASS">
          <reporter-output>
          </reporter-output>
        </test-method> <!-- setUp -->
        <test-method signature="RT460()[pri:1, instance:realTracTests.MainPageTests@1f52eb6f]" started-at="2020-12-18T09:15:40 MSK" name="RT460" description="Авторизация в приложение Real-Trac" finished-at="2020-12-18T09:15:42 MSK" duration-ms="2567" status="PASS">
          <reporter-output>
          </reporter-output>
        </test-method> <!-- RT460 -->
        <test-method is-config="true" signature="tearDown()[pri:0, instance:realTracTests.MainPageTests@1f52eb6f]" started-at="2020-12-18T09:15:43 MSK" name="tearDown" finished-at="2020-12-18T09:15:43 MSK" duration-ms="712" status="PASS">
          <reporter-output>
          </reporter-output>
        </test-method> <!-- tearDown -->
      </class> <!-- realTracTests.MainPageTests -->
      <class name="realTracTests.ReportsPageTests">
        <test-method is-config="true" signature="setUp()[pri:0, instance:realTracTests.ReportsPageTests@57d0fc89]" started-at="2020-12-18T09:15:43 MSK" name="setUp" finished-at="2020-12-18T09:15:52 MSK" duration-ms="8627" status="PASS">
          <reporter-output>
          </reporter-output>
        </test-method> <!-- setUp -->
        <test-method signature="create_report()[pri:1, instance:realTracTests.ReportsPageTests@57d0fc89]" started-at="2020-12-18T09:15:52 MSK" name="create_report" description="Создание нового отчета" finished-at="2020-12-18T09:15:53 MSK" duration-ms="1269" status="PASS">
          <reporter-output>
          </reporter-output>
        </test-method> <!-- create_report -->
        <test-method is-config="true" signature="tearDown()[pri:0, instance:realTracTests.ReportsPageTests@57d0fc89]" started-at="2020-12-18T09:15:54 MSK" name="tearDown" finished-at="2020-12-18T09:15:54 MSK" duration-ms="655" status="PASS">
          <reporter-output>
          </reporter-output>
        </test-method> <!-- tearDown -->
      </class> <!-- realTracTests.ReportsPageTests -->
    </test> <!-- Test -->
  </suite> <!-- Suite -->
</testng-results>
